Determining if the pthread_create exist failed with the following output:
Change Dir: /home/esku/dlib_ws/build/CMakeFiles/CMakeTmp

Run Build Command:/usr/bin/make "cmTryCompileExec4038212279/fast"
/usr/bin/make -f CMakeFiles/cmTryCompileExec4038212279.dir/build.make CMakeFiles/cmTryCompileExec4038212279.dir/build
make[1]: Entering directory `/home/esku/dlib_ws/build/CMakeFiles/CMakeTmp'
/usr/bin/cmake -E cmake_progress_report /home/esku/dlib_ws/build/CMakeFiles/CMakeTmp/CMakeFiles 1
Building C object CMakeFiles/cmTryCompileExec4038212279.dir/CheckSymbolExists.c.o
/usr/bin/cc    -o CMakeFiles/cmTryCompileExec4038212279.dir/CheckSymbolExists.c.o   -c /home/esku/dlib_ws/build/CMakeFiles/CMakeTmp/CheckSymbolExists.c
Linking C executable cmTryCompileExec4038212279
/usr/bin/cmake -E cmake_link_script CMakeFiles/cmTryCompileExec4038212279.dir/link.txt --verbose=1
/usr/bin/cc       CMakeFiles/cmTryCompileExec4038212279.dir/CheckSymbolExists.c.o  -o cmTryCompileExec4038212279 -rdynamic 
CMakeFiles/cmTryCompileExec4038212279.dir/CheckSymbolExists.c.o: In function `main':
CheckSymbolExists.c:(.text+0x16): undefined reference to `pthread_create'
collect2: error: ld returned 1 exit status
make[1]: *** [cmTryCompileExec4038212279] Error 1
make[1]: Leaving directory `/home/esku/dlib_ws/build/CMakeFiles/CMakeTmp'
make: *** [cmTryCompileExec4038212279/fast] Error 2

File /home/esku/dlib_ws/build/CMakeFiles/CMakeTmp/CheckSymbolExists.c:
/* */
#include <pthread.h>

int main(int argc, char** argv)
{
  (void)argv;
#ifndef pthread_create
  return ((int*)(&pthread_create))[argc];
#else
  (void)argc;
  return 0;
#endif
}

Determining if the function pthread_create exists in the pthreads failed with the following output:
Change Dir: /home/esku/dlib_ws/build/CMakeFiles/CMakeTmp

Run Build Command:/usr/bin/make "cmTryCompileExec290037742/fast"
/usr/bin/make -f CMakeFiles/cmTryCompileExec290037742.dir/build.make CMakeFiles/cmTryCompileExec290037742.dir/build
make[1]: Entering directory `/home/esku/dlib_ws/build/CMakeFiles/CMakeTmp'
/usr/bin/cmake -E cmake_progress_report /home/esku/dlib_ws/build/CMakeFiles/CMakeTmp/CMakeFiles 1
Building C object CMakeFiles/cmTryCompileExec290037742.dir/CheckFunctionExists.c.o
/usr/bin/cc   -DCHECK_FUNCTION_EXISTS=pthread_create   -o CMakeFiles/cmTryCompileExec290037742.dir/CheckFunctionExists.c.o   -c /usr/share/cmake-2.8/Modules/CheckFunctionExists.c
Linking C executable cmTryCompileExec290037742
/usr/bin/cmake -E cmake_link_script CMakeFiles/cmTryCompileExec290037742.dir/link.txt --verbose=1
/usr/bin/cc   -DCHECK_FUNCTION_EXISTS=pthread_create    CMakeFiles/cmTryCompileExec290037742.dir/CheckFunctionExists.c.o  -o cmTryCompileExec290037742 -rdynamic -lpthreads 
/usr/bin/ld: cannot find -lpthreads
collect2: error: ld returned 1 exit status
make[1]: *** [cmTryCompileExec290037742] Error 1
make[1]: Leaving directory `/home/esku/dlib_ws/build/CMakeFiles/CMakeTmp'
make: *** [cmTryCompileExec290037742/fast] Error 2


Determining if the function sgetrf_single exists failed with the following output:
Change Dir: /home/esku/dlib_ws/build/CMakeFiles/CMakeTmp

Run Build Command:/usr/bin/make "cmTryCompileExec3372221536/fast"
/usr/bin/make -f CMakeFiles/cmTryCompileExec3372221536.dir/build.make CMakeFiles/cmTryCompileExec3372221536.dir/build
make[1]: Entering directory `/home/esku/dlib_ws/build/CMakeFiles/CMakeTmp'
/usr/bin/cmake -E cmake_progress_report /home/esku/dlib_ws/build/CMakeFiles/CMakeTmp/CMakeFiles 1
Building C object CMakeFiles/cmTryCompileExec3372221536.dir/CheckFunctionExists.c.o
/usr/bin/cc   -DCHECK_FUNCTION_EXISTS=sgetrf_single   -o CMakeFiles/cmTryCompileExec3372221536.dir/CheckFunctionExists.c.o   -c /usr/share/cmake-2.8/Modules/CheckFunctionExists.c
Linking C executable cmTryCompileExec3372221536
/usr/bin/cmake -E cmake_link_script CMakeFiles/cmTryCompileExec3372221536.dir/link.txt --verbose=1
/usr/bin/cc   -DCHECK_FUNCTION_EXISTS=sgetrf_single    CMakeFiles/cmTryCompileExec3372221536.dir/CheckFunctionExists.c.o  -o cmTryCompileExec3372221536 -rdynamic -lcblas 
CMakeFiles/cmTryCompileExec3372221536.dir/CheckFunctionExists.c.o: In function `main':
CheckFunctionExists.c:(.text+0x15): undefined reference to `sgetrf_single'
collect2: error: ld returned 1 exit status
make[1]: *** [cmTryCompileExec3372221536] Error 1
make[1]: Leaving directory `/home/esku/dlib_ws/build/CMakeFiles/CMakeTmp'
make: *** [cmTryCompileExec3372221536/fast] Error 2


